[+] Containers:
 |- [+] Container: /Temp/Untitled_1
 |   |- [+] ActorDescs:
 |   |   |- Guid:0DD2993C4720C085AEBF7780D328EB32 BaseClass: NativeClass:/Script/Engine.SkyAtmosphere Name:SkyAtmosphere_UAID_CC28AAAF6F020C3002_1548728298 Label:SkyAtmosphere SpatiallyLoaded:0 Bounds:IsValid=true, Min=(X=0.000 Y=0.000 Z=0.000), Max=(X=0.000 Y=0.000 Z=0.000) RuntimeGrid:None EditorOnly:0 RuntimeOnly:0 HLODRelevant:0 ListedInSceneOutliner:1 IsMainWorldOnly:0
 |   |   |- Guid:35BB8C7A4DEBFF8696B83DA57297A02E BaseClass: NativeClass:/Script/Landscape.Landscape Name:Landscape_UAID_CC28AAAF6F020C3002_1585482301 Label:Landscape SpatiallyLoaded:0 Bounds:IsValid=true, Min=(X=-6300.000 Y=-6300.000 Z=100.000), Max=(X=-6300.000 Y=-6300.000 Z=100.000) RuntimeGrid:None EditorOnly:0 RuntimeOnly:0 HLODRelevant:0 ListedInSceneOutliner:1 IsMainWorldOnly:0
 |   |   |- Guid:52C0008649C9F834C9EDEDB52156C4D1 BaseClass: NativeClass:/Script/Landscape.LandscapeStreamingProxy Name:LandscapeStreamingProxy_BSMQS9MKMEYJTZ1YBCG8D1OU7_126_0_0_0 Label:LandscapeStreamingProxy_0_0_0 SpatiallyLoaded:1 Bounds:IsValid=true, Min=(X=-6300.000 Y=-6300.000 Z=100.000), Max=(X=6300.000 Y=6300.000 Z=2846.875) RuntimeGrid:None EditorOnly:0 RuntimeOnly:0 HLODRelevant:1 ListedInSceneOutliner:1 IsMainWorldOnly:0
 |   |   |- Guid:73585BC04D8BC1459F60D7BD9BAF9F26 BaseClass: NativeClass:/Script/Engine.SkyLight Name:SkyLight_UAID_CC28AAAF6F020C3002_1548353296 Label:SkyLight SpatiallyLoaded:0 Bounds:IsValid=true, Min=(X=0.000 Y=0.000 Z=0.000), Max=(X=0.000 Y=0.000 Z=0.000) RuntimeGrid:None EditorOnly:0 RuntimeOnly:0 HLODRelevant:0 ListedInSceneOutliner:1 IsMainWorldOnly:0
 |   |   |- Guid:849810DF46FCAB1505432291A14DAD65 BaseClass: NativeClass:/Script/Engine.VolumetricCloud Name:VolumetricCloud_UAID_CC28AAAF6F020C3002_1548915299 Label:VolumetricCloud SpatiallyLoaded:0 Bounds:IsValid=true, Min=(X=0.000 Y=0.000 Z=0.000), Max=(X=0.000 Y=0.000 Z=0.000) RuntimeGrid:None EditorOnly:0 RuntimeOnly:0 HLODRelevant:0 ListedInSceneOutliner:1 IsMainWorldOnly:0
 |   |   |- Guid:AC01EFBF4F339C3688C8E7937FA135E3 BaseClass: NativeClass:/Script/Engine.ExponentialHeightFog Name:ExponentialHeightFog_UAID_CC28AAAF6F020C3002_1549099300 Label:ExponentialHeightFog SpatiallyLoaded:0 Bounds:IsValid=true, Min=(X=0.000 Y=0.000 Z=0.000), Max=(X=0.000 Y=0.000 Z=0.000) RuntimeGrid:None EditorOnly:0 RuntimeOnly:0 HLODRelevant:0 ListedInSceneOutliner:1 IsMainWorldOnly:0
 |   |   |- Guid:C6F895A241E8CB86F17916881A695DDA BaseClass: NativeClass:/Script/Engine.DirectionalLight Name:DirectionalLight_UAID_CC28AAAF6F020C3002_1548530297 Label:DirectionalLight SpatiallyLoaded:0 Bounds:Invalid RuntimeGrid:None EditorOnly:0 RuntimeOnly:0 HLODRelevant:0 ListedInSceneOutliner:1 IsMainWorldOnly:0
 |   |   |- Guid:D737AFF144D4ACE9FA0FAD93CE6E9C01 BaseClass: NativeClass:/Script/Engine.PlayerStart Name:PlayerStart_UAID_CC28AAAF6F020C3002_1669163302 Label:PlayerStart SpatiallyLoaded:0 Bounds:IsValid=true, Min=(X=-3380.000 Y=-3060.000 Z=218.000), Max=(X=-3300.000 Y=-2980.000 Z=402.000) RuntimeGrid:None EditorOnly:0 RuntimeOnly:0 HLODRelevant:0 ListedInSceneOutliner:1 IsMainWorldOnly:0
 |   |   |- Guid:E08C1AFD4FF30AF7E8E9E4BCAC02B291 BaseClass: NativeClass:/Script/Engine.WorldDataLayers Name:WorldDataLayers Label:WorldDataLayers SpatiallyLoaded:0 Bounds:Invalid RuntimeGrid:None EditorOnly:0 RuntimeOnly:0 HLODRelevant:0 ListedInSceneOutliner:1 IsMainWorldOnly:1
 |   |- [+] Clusters:
 |   |   |- [+] [  0]
 |   |   |   |- Guid:0DD2993C4720C085AEBF7780D328EB32 BaseClass: NativeClass:/Script/Engine.SkyAtmosphere Name:SkyAtmosphere_UAID_CC28AAAF6F020C3002_1548728298 Label:SkyAtmosphere SpatiallyLoaded:0 Bounds:IsValid=true, Min=(X=0.000 Y=0.000 Z=0.000), Max=(X=0.000 Y=0.000 Z=0.000) RuntimeGrid:None EditorOnly:0 RuntimeOnly:0 HLODRelevant:0 ListedInSceneOutliner:1 IsMainWorldOnly:0
 |   |   |- [+] [  1]
 |   |   |   |- Guid:35BB8C7A4DEBFF8696B83DA57297A02E BaseClass: NativeClass:/Script/Landscape.Landscape Name:Landscape_UAID_CC28AAAF6F020C3002_1585482301 Label:Landscape SpatiallyLoaded:0 Bounds:IsValid=true, Min=(X=-6300.000 Y=-6300.000 Z=100.000), Max=(X=-6300.000 Y=-6300.000 Z=100.000) RuntimeGrid:None EditorOnly:0 RuntimeOnly:0 HLODRelevant:0 ListedInSceneOutliner:1 IsMainWorldOnly:0
 |   |   |- [+] [  2]
 |   |   |   |- Guid:52C0008649C9F834C9EDEDB52156C4D1 BaseClass: NativeClass:/Script/Landscape.LandscapeStreamingProxy Name:LandscapeStreamingProxy_BSMQS9MKMEYJTZ1YBCG8D1OU7_126_0_0_0 Label:LandscapeStreamingProxy_0_0_0 SpatiallyLoaded:1 Bounds:IsValid=true, Min=(X=-6300.000 Y=-6300.000 Z=100.000), Max=(X=6300.000 Y=6300.000 Z=2846.875) RuntimeGrid:None EditorOnly:0 RuntimeOnly:0 HLODRelevant:1 ListedInSceneOutliner:1 IsMainWorldOnly:0
 |   |   |- [+] [  3]
 |   |   |   |- Guid:73585BC04D8BC1459F60D7BD9BAF9F26 BaseClass: NativeClass:/Script/Engine.SkyLight Name:SkyLight_UAID_CC28AAAF6F020C3002_1548353296 Label:SkyLight SpatiallyLoaded:0 Bounds:IsValid=true, Min=(X=0.000 Y=0.000 Z=0.000), Max=(X=0.000 Y=0.000 Z=0.000) RuntimeGrid:None EditorOnly:0 RuntimeOnly:0 HLODRelevant:0 ListedInSceneOutliner:1 IsMainWorldOnly:0
 |   |   |- [+] [  4]
 |   |   |   |- Guid:849810DF46FCAB1505432291A14DAD65 BaseClass: NativeClass:/Script/Engine.VolumetricCloud Name:VolumetricCloud_UAID_CC28AAAF6F020C3002_1548915299 Label:VolumetricCloud SpatiallyLoaded:0 Bounds:IsValid=true, Min=(X=0.000 Y=0.000 Z=0.000), Max=(X=0.000 Y=0.000 Z=0.000) RuntimeGrid:None EditorOnly:0 RuntimeOnly:0 HLODRelevant:0 ListedInSceneOutliner:1 IsMainWorldOnly:0
 |   |   |- [+] [  5]
 |   |   |   |- Guid:AC01EFBF4F339C3688C8E7937FA135E3 BaseClass: NativeClass:/Script/Engine.ExponentialHeightFog Name:ExponentialHeightFog_UAID_CC28AAAF6F020C3002_1549099300 Label:ExponentialHeightFog SpatiallyLoaded:0 Bounds:IsValid=true, Min=(X=0.000 Y=0.000 Z=0.000), Max=(X=0.000 Y=0.000 Z=0.000) RuntimeGrid:None EditorOnly:0 RuntimeOnly:0 HLODRelevant:0 ListedInSceneOutliner:1 IsMainWorldOnly:0
 |   |   |- [+] [  6]
 |   |   |   |- Guid:C6F895A241E8CB86F17916881A695DDA BaseClass: NativeClass:/Script/Engine.DirectionalLight Name:DirectionalLight_UAID_CC28AAAF6F020C3002_1548530297 Label:DirectionalLight SpatiallyLoaded:0 Bounds:Invalid RuntimeGrid:None EditorOnly:0 RuntimeOnly:0 HLODRelevant:0 ListedInSceneOutliner:1 IsMainWorldOnly:0
 |   |   |- [+] [  7]
 |   |   |   |- Guid:D737AFF144D4ACE9FA0FAD93CE6E9C01 BaseClass: NativeClass:/Script/Engine.PlayerStart Name:PlayerStart_UAID_CC28AAAF6F020C3002_1669163302 Label:PlayerStart SpatiallyLoaded:0 Bounds:IsValid=true, Min=(X=-3380.000 Y=-3060.000 Z=218.000), Max=(X=-3300.000 Y=-2980.000 Z=402.000) RuntimeGrid:None EditorOnly:0 RuntimeOnly:0 HLODRelevant:0 ListedInSceneOutliner:1 IsMainWorldOnly:0
 |   |   |- [+] [  8]
 |   |   |   |- Guid:E08C1AFD4FF30AF7E8E9E4BCAC02B291 BaseClass: NativeClass:/Script/Engine.WorldDataLayers Name:WorldDataLayers Label:WorldDataLayers SpatiallyLoaded:0 Bounds:Invalid RuntimeGrid:None EditorOnly:0 RuntimeOnly:0 HLODRelevant:0 ListedInSceneOutliner:1 IsMainWorldOnly:1
 |- ContainerInstances:
 |- [+] MainContainer:
 |   |-        ID: 00000000000000000000000000000000
 |   |-  ParentID: 00000000000000000000000000000000
 |   |-    Bounds: IsValid=true, Min=(X=-6300.000 Y=-6300.000 Z=100.000), Max=(X=6300.000 Y=6300.000 Z=2846.875)
 |   |- Transform: 0.000000,0.000000,0.000000|0.000000,0.000000,-0.000000|1.000000,1.000000,1.000000
 |   |- Container: /Temp/Untitled_1
----------------------------------------------------------------------------------------------------------------
Untitled - Persistent Level
----------------------------------------------------------------------------------------------------------------
[+] Content of Untitled Persistent Level
 |- Always loaded Actor Count: 8 
 |- Actor Path: /Temp/Untitled_1.Untitled:PersistentLevel.DirectionalLight_UAID_CC28AAAF6F020C3002_1548530297
 |- Actor Package: /Temp/__ExternalActors__/Untitled_1/B/3S/RUR1YCKVSXMT3E5IPUCIKW
 |- Actor Path: /Temp/Untitled_1.Untitled:PersistentLevel.ExponentialHeightFog_UAID_CC28AAAF6F020C3002_1549099300
 |- Actor Package: /Temp/__ExternalActors__/Untitled_1/E/EF/7AYBPP3ZURHL51KNLH3GSZ
 |- Actor Path: /Temp/Untitled_1.Untitled:PersistentLevel.Landscape_UAID_CC28AAAF6F020C3002_1585482301
 |- Actor Package: /Temp/__ExternalActors__/Untitled_1/B/PS/CMBHCG55HYD9NZOP99ALT8
 |- Actor Path: /Temp/Untitled_1.Untitled:PersistentLevel.PlayerStart_UAID_CC28AAAF6F020C3002_1669163302
 |- Actor Package: /Temp/__ExternalActors__/Untitled_1/9/XT/A7DMLHIOQLHBPDH6QJBUEK
 |- Actor Path: /Temp/Untitled_1.Untitled:PersistentLevel.SkyAtmosphere_UAID_CC28AAAF6F020C3002_1548728298
 |- Actor Package: /Temp/__ExternalActors__/Untitled_1/9/82/C7026UMJ8FIPI6D7STLJVA
 |- Actor Path: /Temp/Untitled_1.Untitled:PersistentLevel.SkyLight_UAID_CC28AAAF6F020C3002_1548353296
 |- Actor Package: /Temp/__ExternalActors__/Untitled_1/8/R1/H4DXU8EYEJVDH7VKYOO6ZI
 |- Actor Path: /Temp/Untitled_1.Untitled:PersistentLevel.VolumetricCloud_UAID_CC28AAAF6F020C3002_1548915299
 |- Actor Package: /Temp/__ExternalActors__/Untitled_1/4/MZ/K25NZH9HP4EX1QFR1HPUPS
 |- Actor Path: /Temp/Untitled_1.Untitled:PersistentLevel.WorldDataLayers
 |- Actor Package: /Temp/__ExternalActors__/Untitled_1/E/8Z/YRWO5L41PJA7Q9D3CDC0L2

----------------------------------------------------------------------------------------------------------------
Untitled - Runtime Hash Set
----------------------------------------------------------------------------------------------------------------
[+] Content of Cell Untitled_1_MainPartition_0_0_0_0 (AGQKVP7PJX70FSO1LLBIVKSZV)
 |- Actor Count: 1
 |- [+] /Temp/Untitled_1.Untitled:PersistentLevel.LandscapeStreamingProxy_BSMQS9MKMEYJTZ1YBCG8D1OU7_126_0_0_0
 |   |-         Package: /Temp/__ExternalActors__/Untitled_1/7/6B/Q1Z1LX642FX7Y84P9IHHGQ
 |   |-     Editor Only: 0
 |   |-   Instance Guid: 52C0008649C9F834C9EDEDB52156C4D1
 |   |- [+] Container:
 |   |   |-        ID: 00000000000000000000000000000000
 |   |   |- Transform: 0.000000,0.000000,0.000000|0.000000,0.000000,-0.000000|1.000000,1.000000,1.000000

